<?xml version="1.0" encoding="UTF-8"?>
<testsuite name="Country Info SoapUI.Country TS1" tests="9" failures="0" errors="0" time="2.738"><properties>
[...]
</properties><testcase name="CapitalCity TC" time="0.381"/><testcase name="CountryFlag TC" time="0.774"/><testcase name="CountryISOCode TC" time="0.328"/><testcase name="CurrencyName TC" time="0.136"/><testcase name="FullCountryInfo TC" time="0.177"/><testcase name="LanguageName TC" time="0.135"/><testcase name="ListOfCurrenciesByName TC" time="0.338"/><testcase name="ListOfCountryNamesByCode TC" time="0.304"/><testcase name="ListOfContinentsByName TC" time="0.165"/></testsuite>