<?xml version="1.0" encoding="UTF-8"?>
<testng-results ignored="0" total="1" passed="1" failed="0" skipped="0">
  <reporter-output>
  </reporter-output>
  <suite started-at="2025-07-21T21:07:49 EDT" name="Default suite" finished-at="2025-07-21T21:07:56 EDT" duration-ms="7281">
    <groups>
    </groups>
    <test started-at="2025-07-21T21:07:49 EDT" name="Default test" finished-at="2025-07-21T21:07:56 EDT" duration-ms="7281">
      <class name="rest1.RestProject2">
        <test-method signature="soaptest()[pri:0, instance:rest1.RestProject2@7bb6ab3a]" started-at="2025-07-21T21:07:49 EDT" name="soaptest" finished-at="2025-07-21T21:07:56 EDT" duration-ms="7236" status="PASS">
          <reporter-output>
          </reporter-output>
        </test-method> <!-- soaptest -->
      </class> <!-- rest1.RestProject2 -->
    </test> <!-- Default test -->
  </suite> <!-- Default suite -->
</testng-results>
